[LOG] SystemI::init                            : FMOD Studio Version: 00010703 (69998)
[LOG] SystemI::init                            : maxchannels = 128, flags = 00030000, extradriverdata = 0000000000000000
[LOG] SystemI::close                           : 
[LOG] SystemI::close                           : Stop all sounds
[LOG] SystemI::close                           : Remove miscllaneous DSP stuff.
[LOG] SystemI::close                           : done.

[LOG] OutputWASAPI::init                       : Mix Format (WAVEFORMATEX): wFormatTag=0xFFFE, nChannels=2, nSamplesPerSec=48000, nAvgBytesPerSec=384000, nBlockAlign=8, wBitsPerSample=32, cbSize=22.
[LOG] OutputWASAPI::init                       : Mix Format (WAVEFORMATEXTENSIBLE): wValidBitsPerSample=32, dwChannelMask=0x00000003, SubFormat=00000003-0000-0010-8000-00AA00389B71.
[LOG] Thread::initThread                       : Initializing FMOD (WASAPI) feeder thread.  priority 0
[LOG] Thread::initThread                       : - Stacksize 0.  Stack pointer 0000000000000000 : usesemaphore = 0 : sleeptime = 0
[LOG] Thread::callback                         : * FMOD (WASAPI) feeder thread started
[LOG] Thread::initThread                       : Initializing FMOD mixer thread.  priority 2
[LOG] OutputWASAPI::feederUpdate               : WASAPI feeder thread set to 'Audio' characteristic
[LOG] Thread::initThread                       : - Stacksize 49152.  Stack pointer 0000000000000000 : usesemaphore = 1 : sleeptime = 0
[LOG] Thread::callback                         : * FMOD mixer thread started
[LOG] SystemI::init                            : Set up emulated output
[LOG] SystemI::init                            : create the channel pool
[LOG] SystemI::init                            : Set up streamer
[LOG] Thread::initThread                       : Initializing FMOD stream thread.  priority 2
[LOG] Thread::initThread                       : - Stacksize 65536.  Stack pointer 0000000000000000 : usesemaphore = 0 : sleeptime = 10
[LOG] Thread::callback                         : * FMOD stream thread started
[LOG] Thread::initThread                       : Initializing FMOD Studio update thread.  priority 0
[LOG] Thread::initThread                       : - Stacksize 65536.  Stack pointer 0000000000000000 : usesemaphore = 0 : sleeptime = 1
[LOG] Thread::callback                         : * FMOD Studio update thread started
[LOG] LiveUpdate::init                         : 
[LOG] Thread::initThread                       : Initializing FMOD Studio load thread.  priority 0
[LOG] Thread::initThread                       : - Stacksize 65536.  Stack pointer 0000000000000000 : usesemaphore = 0 : sleeptime = 1
[LOG] Thread::callback                         : * FMOD Studio load thread started
[LOG] Profile::init                            : Profiler listening on port: 9264
[LOG] Manager::readBank                        : fileversion = 64, compatVersion = 63 (oldest = 44, newest = 68)
[LOG] Manager::readBank                        : fileversion = 64, compatVersion = 63 (oldest = 44, newest = 68)
[LOG] SystemI::createSoundInternal             : filename =  : mode 00200410
[LOG] SystemI::createSoundInternal             : exinfo->cbsize             = 216
[LOG] SystemI::createSoundInternal             : exinfo->length             = 882000
[LOG] SystemI::createSoundInternal             : exinfo->numchannels        = 2
[LOG] SystemI::createSoundInternal             : exinfo->defaultfrequency   = 44100
[LOG] SystemI::createSoundInternal             : exinfo->format             = 2
[LOG] SystemI::createSoundInternal             : exinfo->decodebuffersize   = 3000
[LOG] SystemI::createSoundInternal             : exinfo->pcmreadcallback    = 000000001CE8D260
[LOG] SystemI::createSoundInternal             : exinfo->pcmsetposcallback  = 000000001CE8D3F0
[WRN] File::open                               : File offset: 0 + length: 882000 > actual file size 0, truncating length.
[LOG] SystemI::createSoundInternal             : Format has 0 subsounds.
[LOG] SystemI::createSoundInternal             : Create as FMOD_CREATESAMPLE
[LOG] SystemI::createSoundInternal             : creating subsound 0/0
[LOG] SystemI::createSample                    : mode 00200410 length 220500 samples, lengthbytes 0
[LOG] SystemI::createSample                    : channels = 2
[LOG] SystemI::createSample                    : output = 000000001E86D418
[LOG] OutputSoftware::createSample             : lengthpcm 220500, lengthbytes 0, channels 2, format 2, freq 44100, mode 00200411
[LOG] SystemI::createSoundInternal             : No name found in file, use filename.
[LOG] SystemI::createSoundInternal             : done.  OpenState now = FMOD_OPENSTATE_READY.

[LOG] SystemI::createSoundInternal             : filename =  : mode 00200410
[LOG] SystemI::createSoundInternal             : exinfo->cbsize             = 216
[LOG] SystemI::createSoundInternal             : exinfo->length             = 882000
[LOG] SystemI::createSoundInternal             : exinfo->numchannels        = 2
[LOG] SystemI::createSoundInternal             : exinfo->defaultfrequency   = 44100
[LOG] SystemI::createSoundInternal             : exinfo->format             = 2
[LOG] SystemI::createSoundInternal             : exinfo->decodebuffersize   = 3000
[LOG] SystemI::createSoundInternal             : exinfo->pcmreadcallback    = 000000001CE8D260
[LOG] SystemI::createSoundInternal             : exinfo->pcmsetposcallback  = 000000001CE8D3F0
[WRN] File::open                               : File offset: 0 + length: 882000 > actual file size 0, truncating length.
[LOG] SystemI::createSoundInternal             : Format has 0 subsounds.
[LOG] SystemI::createSoundInternal             : Create as FMOD_CREATESAMPLE
[LOG] SystemI::createSoundInternal             : creating subsound 0/0
[LOG] SystemI::createSample                    : mode 00200410 length 220500 samples, lengthbytes 0
[LOG] SystemI::createSample                    : channels = 2
[LOG] SystemI::createSample                    : output = 000000001E86D418
[LOG] OutputSoftware::createSample             : lengthpcm 220500, lengthbytes 0, channels 2, format 2, freq 44100, mode 00200411
[LOG] SystemI::createSoundInternal             : No name found in file, use filename.
[LOG] SystemI::createSoundInternal             : done.  OpenState now = FMOD_OPENSTATE_READY.

[LOG] SystemI::createSoundInternal             : filename =  : mode 00200410
[LOG] SystemI::createSoundInternal             : exinfo->cbsize             = 216
[LOG] SystemI::createSoundInternal             : exinfo->length             = 882000
[LOG] SystemI::createSoundInternal             : exinfo->numchannels        = 2
[LOG] SystemI::createSoundInternal             : exinfo->defaultfrequency   = 44100
[LOG] SystemI::createSoundInternal             : exinfo->format             = 2
[LOG] SystemI::createSoundInternal             : exinfo->decodebuffersize   = 3000
[LOG] SystemI::createSoundInternal             : exinfo->pcmreadcallback    = 000000001CE8D260
[LOG] SystemI::createSoundInternal             : exinfo->pcmsetposcallback  = 000000001CE8D3F0
[WRN] File::open                               : File offset: 0 + length: 882000 > actual file size 0, truncating length.
[LOG] SystemI::createSoundInternal             : Format has 0 subsounds.
[LOG] SystemI::createSoundInternal             : Create as FMOD_CREATESAMPLE
[LOG] SystemI::createSoundInternal             : creating subsound 0/0
[LOG] SystemI::createSample                    : mode 00200410 length 220500 samples, lengthbytes 0
[LOG] SystemI::createSample                    : channels = 2
[LOG] SystemI::createSample                    : output = 000000001E86D418
[LOG] OutputSoftware::createSample             : lengthpcm 220500, lengthbytes 0, channels 2, format 2, freq 44100, mode 00200411
[LOG] SystemI::createSoundInternal             : No name found in file, use filename.
[LOG] SystemI::createSoundInternal             : done.  OpenState now = FMOD_OPENSTATE_READY.

[LOG] SystemI::createSoundInternal             : filename =  : mode 00200410
[LOG] SystemI::createSoundInternal             : exinfo->cbsize             = 216
[LOG] SystemI::createSoundInternal             : exinfo->length             = 882000
[LOG] SystemI::createSoundInternal             : exinfo->numchannels        = 2
[LOG] SystemI::createSoundInternal             : exinfo->defaultfrequency   = 44100
[LOG] SystemI::createSoundInternal             : exinfo->format             = 2
[LOG] SystemI::createSoundInternal             : exinfo->decodebuffersize   = 3000
[LOG] SystemI::createSoundInternal             : exinfo->pcmreadcallback    = 000000001CE8D260
[LOG] SystemI::createSoundInternal             : exinfo->pcmsetposcallback  = 000000001CE8D3F0
[WRN] File::open                               : File offset: 0 + length: 882000 > actual file size 0, truncating length.
[LOG] SystemI::createSoundInternal             : Format has 0 subsounds.
[LOG] SystemI::createSoundInternal             : Create as FMOD_CREATESAMPLE
[LOG] SystemI::createSoundInternal             : creating subsound 0/0
[LOG] SystemI::createSample                    : mode 00200410 length 220500 samples, lengthbytes 0
[LOG] SystemI::createSample                    : channels = 2
[LOG] SystemI::createSample                    : output = 000000001E86D418
[LOG] OutputSoftware::createSample             : lengthpcm 220500, lengthbytes 0, channels 2, format 2, freq 44100, mode 00200411
[LOG] SystemI::createSoundInternal             : No name found in file, use filename.
[LOG] SystemI::createSoundInternal             : done.  OpenState now = FMOD_OPENSTATE_READY.

[LOG] SystemI::createSound                     : filename = D:\git\Robot-Sapiens\ProjetSon\musique\fmodProjMusique\Build\Desktop/Master Bank.bank : mode 0a010202
[LOG] SystemI::createSound                     : FMOD_NONBLOCKING specified.  Putting into queue to be opened asynchronously!
[LOG] OutputSoftware::createSample             : lengthpcm 0, lengthbytes 0, channels 0, format 0, freq 0, mode 00000000
[LOG] Thread::initThread                       : Initializing FMOD nonblocking thread (0).  priority 1
[LOG] Thread::initThread                       : - Stacksize 81920.  Stack pointer 0000000000000000 : usesemaphore = 1 : sleeptime = 0
[LOG] Thread::callback                         : * FMOD nonblocking thread (0) started
[LOG] SystemI::createSound                     : setdata soundi = 0000000025C7C628 : node = 0000000025C7C7D0
[LOG] SystemI::createSound                     : add node to async list : head = 0000000025C7CAE0.  list count = 0
[LOG] AsyncThread::threadFunc                  : Starting Asynchronous operation on sound 0000000025C7C628
[LOG] SystemI::createSound                     : filename = D:\git\Robot-Sapiens\ProjetSon\musique\fmodProjMusique\Build\Desktop/Master Bank.bank : mode 0a010202
[LOG] SystemI::createSoundInternal             :     filename = D:\git\Robot-Sapiens\ProjetSon\musique\fmodProjMusique\Build\Desktop/Master Bank.bank : mode 0a010202
[LOG] SystemI::createSoundInternal             :     exinfo->cbsize             = 216
ng into queue to be opened asynchronously!
[LOG] SystemI::createSoundInternal             :     exinfo->length             = 6415072
, format 0, freq 0, mode 00000000
[LOG] SystemI::createSoundInternal             :     exinfo->fileoffset         = 11328
node = 0000000025C7CCE0
[LOG] SystemI::createSoundInternal             :     exinfo->numsubsounds       = 1
[LOG] SystemI::createSound                     :     add node to async list : head = 0000000025C7CAE0.  list count = 0
[LOG] SystemI::createSoundInternal             :     exinfo->inclusionlist      = 0000000025C7C8D8
[LOG] SystemI::createSound                     :     filename = D:\git\Robot-Sapiens\ProjetSon\musique\fmodProjMusique\Build\Desktop/Master Bank.bank : mode 0a010202
[LOG] SystemI::createSound                     :     FMOD_NONBLOCKING specified.  Putting into queue to be opened asynchronously!
[LOG] OutputSoftware::createSample             :     lengthpcm 0, lengthbytes 0, channels 0, format 0, freq 0, mode 00000000
[LOG] SystemI::createSoundInternal             :     exinfo->initialseekpostype = 1
8 : node = 000000002DA6DD90
[LOG] SystemI::createSound                     :     add node to async list : head = 0000000025C7CAE0.  list count = 1
[LOG] SystemI::createSoundInternal             :     Format has 1 subsounds.
[LOG] SystemI::createSoundInternal             :     Create as FMOD_CREATESAMPLE
[LOG] SystemI::createSound                     :     filename = D:\git\Robot-Sapiens\ProjetSon\musique\fmodProjMusique\Build\Desktop/Master Bank.bank : mode 0a010202
[LOG] SystemI::createSoundInternal             :     Multi-sample sound (1 subsounds), create a sample container.
synchronously!
[LOG] OutputSoftware::createSample             :     lengthpcm 0, lengthbytes 0, channels 0, format 0, freq 0, mode 00000000
[LOG] SystemI::createSample                    :     mode 0a010202 length 9792226 samples, lengthbytes 538176
[LOG] SystemI::createSample                    :     channels = 2
 = 000000002DA765B8 : node = 000000002DA76760
[LOG] SystemI::createSound                     :     add node to async list : head = 0000000025C7CAE0.  list count = 2
[LOG] OutputSoftware::createSample             :     lengthpcm 9792226, lengthbytes 538176, channels 2, format 2, freq 48000, mode 0a01020a
[LOG] SystemI::createSound                     :     filename = D:\git\Robot-Sapiens\ProjetSon\musique\fmodProjMusique\Build\Desktop/Master Bank.bank : mode 0a010202
[LOG] SystemI::createSound                     :     FMOD_NONBLOCKING specified.  Putting into queue to be opened asynchronously!
[LOG] SystemI::createSoundInternal             :     done.  OpenState now = FMOD_OPENSTATE_READY.

[LOG] OutputSoftware::createSample             :     lengthpcm 0, lengthbytes 0, channels 0, format 0, freq 0, mode 00000000
[LOG] AsyncThread::threadFunc                  : Finished Asynchronous operation on sound 0000000025C7C628
[LOG] AsyncThread::threadFunc                  : Starting Asynchronous operation on sound 0000000025C7CB38
[LOG] SystemI::createSound                     : setdata soundi = 0000000025C7D4D8 : node = 0000000025C7D680
[LOG] SystemI::createSoundInternal             :     filename = D:\git\Robot-Sapiens\ProjetSon\musique\fmodProjMusique\Build\Desktop/Master Bank.bank : mode 0a010202
[LOG] SystemI::createSound                     :     add node to async list : head = 0000000025C7CAE0.  list count = 2
[LOG] SystemI::createSoundInternal             :     exinfo->cbsize             = 216
ojetSon\musique\fmodProjMusique\Build\Desktop/Master Bank.bank : mode 0a010202
[LOG] SystemI::createSoundInternal             :     exinfo->length             = 6415072
[LOG] SystemI::createSound                     :     FMOD_NONBLOCKING specified.  Putting into queue to be opened asynchronously!
[LOG] OutputSoftware::createSample             :     lengthpcm 0, lengthbytes 0, channels 0, format 0, freq 0, mode 00000000
[LOG] SystemI::createSoundInternal             :     exinfo->numsubsounds       = 1
8 : node = 0000000025C7D950
[LOG] SystemI::createSound                     :     add node to async list : head = 0000000025C7CAE0.  list count = 3
[LOG] SystemI::createSoundInternal             :     exinfo->inclusionlist      = 0000000025C7CDE8
[LOG] SystemI::createSoundInternal             :     exinfo->inclusionlistnum   = 1
[LOG] SystemI::createSoundInternal             :     exinfo->suggestedsoundtype = 5
[LOG] SystemI::createSoundInternal             :     exinfo->initialseekpostype = 1
[LOG] SystemI::createSoundInternal             :     Format has 1 subsounds.
[LOG] SystemI::createSoundInternal             :     Create as FMOD_CREATESAMPLE
[LOG] SystemI::createSoundInternal             :     Multi-sample sound (1 subsounds), create a sample container.
[LOG] SystemI::createSoundInternal             :     creating subsound 0/1
[LOG] SystemI::createSample                    :     mode 0a010202 length 9792226 samples, lengthbytes 1468992
[LOG] SystemI::createSample                    :     channels = 2
[LOG] SystemI::createSample                    :     output = 000000001E86D418
[LOG] OutputSoftware::createSample             :     lengthpcm 9792226, lengthbytes 1468992, channels 2, format 2, freq 48000, mode 0a01020a
[LOG] SystemI::createSoundInternal             :     done.  OpenState now = FMOD_OPENSTATE_READY.

[LOG] AsyncThread::threadFunc                  : Finished Asynchronous operation on sound 0000000025C7CB38
[LOG] AsyncThread::threadFunc                  : Starting Asynchronous operation on sound 000000002DA6DBE8
[LOG] SystemI::createSoundInternal             :     filename = D:\git\Robot-Sapiens\ProjetSon\musique\fmodProjMusique\Build\Desktop/Master Bank.bank : mode 0a010202
[WRN] SoundSourceInstrumentInstance::startChannelIfReady :     Loading delay exceeded, sound may play at incorrect time
[LOG] SystemI::createSoundInternal             :     exinfo->cbsize             = 216
[LOG] SystemI::createSoundInternal             :     exinfo->length             = 6415072
[LOG] SystemI::createSoundInternal             :     exinfo->fileoffset         = 11328
[LOG] SystemI::createSoundInternal             :     exinfo->numsubsounds       = 1
[LOG] SystemI::createSoundInternal             :     exinfo->inclusionlist      = 000000002DA6DE98
[LOG] SystemI::createSoundInternal             :     exinfo->inclusionlistnum   = 1
[LOG] SystemI::createSoundInternal             :     exinfo->suggestedsoundtype = 5
[LOG] SystemI::createSoundInternal             :     exinfo->initialseekpostype = 1
[LOG] SystemI::createSoundInternal             :     Format has 1 subsounds.
[LOG] SystemI::createSoundInternal             :     Create as FMOD_CREATESAMPLE
[LOG] SystemI::createSoundInternal             :     Multi-sample sound (1 subsounds), create a sample container.
[LOG] SystemI::createSoundInternal             :     creating subsound 0/1
[LOG] SystemI::createSample                    :     mode 0a010202 length 9792226 samples, lengthbytes 405504
[LOG] SystemI::createSample                    :     channels = 2
[LOG] SystemI::createSample                    :     output = 000000001E86D418
[LOG] OutputSoftware::createSample             :     lengthpcm 9792226, lengthbytes 405504, channels 2, format 2, freq 48000, mode 0a01020a
[LOG] SystemI::createSoundInternal             :     done.  OpenState now = FMOD_OPENSTATE_READY.

[LOG] AsyncThread::threadFunc                  : Finished Asynchronous operation on sound 000000002DA6DBE8
[LOG] AsyncThread::threadFunc                  : Starting Asynchronous operation on sound 000000002DA765B8
[LOG] SystemI::createSoundInternal             :     filename = D:\git\Robot-Sapiens\ProjetSon\musique\fmodProjMusique\Build\Desktop/Master Bank.bank : mode 0a010202
[LOG] SystemI::createSoundInternal             :     exinfo->cbsize             = 216
[WRN] SoundSourceInstrumentInstance::startChannelIfReady :     Loading delay exceeded, sound may play at incorrect time
[LOG] SystemI::createSoundInternal             :     exinfo->length             = 6415072
[LOG] SystemI::createSoundInternal             :     exinfo->fileoffset         = 11328
[LOG] SystemI::createSoundInternal             :     exinfo->numsubsounds       = 1
[LOG] SystemI::createSoundInternal             :     exinfo->inclusionlist      = 000000002DA76868
[LOG] SystemI::createSoundInternal             :     exinfo->inclusionlistnum   = 1
[LOG] SystemI::createSoundInternal             :     exinfo->suggestedsoundtype = 5
[LOG] SystemI::createSoundInternal             :     exinfo->initialseekpostype = 1
[LOG] SystemI::createSoundInternal             :     Format has 1 subsounds.
[LOG] SystemI::createSoundInternal             :     Create as FMOD_CREATESAMPLE
[LOG] SystemI::createSoundInternal             :     Multi-sample sound (1 subsounds), create a sample container.
[LOG] SystemI::createSoundInternal             :     creating subsound 0/1
[LOG] SystemI::createSample                    :     mode 0a010202 length 9792226 samples, lengthbytes 346944
[LOG] SystemI::createSample                    :     channels = 2
[LOG] SystemI::createSample                    :     output = 000000001E86D418
[LOG] OutputSoftware::createSample             :     lengthpcm 9792226, lengthbytes 346944, channels 2, format 2, freq 48000, mode 0a01020a
[LOG] SystemI::createSoundInternal             :     done.  OpenState now = FMOD_OPENSTATE_READY.

[LOG] AsyncThread::threadFunc                  : Finished Asynchronous operation on sound 000000002DA765B8
[WRN] SoundSourceInstrumentInstance::startChannelIfReady : Loading delay exceeded, sound may play at incorrect time
[LOG] AsyncThread::threadFunc                  : Starting Asynchronous operation on sound 0000000025C7D4D8
[LOG] SystemI::createSoundInternal             :     filename = D:\git\Robot-Sapiens\ProjetSon\musique\fmodProjMusique\Build\Desktop/Master Bank.bank : mode 0a010202
[LOG] SystemI::createSoundInternal             :     exinfo->cbsize             = 216
[LOG] SystemI::createSoundInternal             :     exinfo->length             = 6415072
[LOG] SystemI::createSoundInternal             :     exinfo->fileoffset         = 11328
[LOG] SystemI::createSoundInternal             :     exinfo->numsubsounds       = 1
[LOG] SystemI::createSoundInternal             :     exinfo->inclusionlist      = 0000000025C7D788
[LOG] SystemI::createSoundInternal             :     exinfo->inclusionlistnum   = 1
[LOG] SystemI::createSoundInternal             :     exinfo->suggestedsoundtype = 5
[LOG] SystemI::createSoundInternal             :     exinfo->initialseekpostype = 1
[LOG] SystemI::createSoundInternal             :     Format has 1 subsounds.
[LOG] SystemI::createSoundInternal             :     Create as FMOD_CREATESAMPLE
[LOG] SystemI::createSoundInternal             :     Multi-sample sound (1 subsounds), create a sample container.
[LOG] SystemI::createSoundInternal             :     creating subsound 0/1
[LOG] SystemI::createSample                    :     mode 0a010202 length 9792226 samples, lengthbytes 1544640
[LOG] SystemI::createSample                    :     channels = 2
[LOG] SystemI::createSample                    :     output = 000000001E86D418
[LOG] OutputSoftware::createSample             :     lengthpcm 9792226, lengthbytes 1544640, channels 2, format 2, freq 48000, mode 0a01020a
[LOG] SystemI::createSoundInternal             :     done.  OpenState now = FMOD_OPENSTATE_READY.

[LOG] AsyncThread::threadFunc                  : Finished Asynchronous operation on sound 0000000025C7D4D8
[LOG] AsyncThread::threadFunc                  : Starting Asynchronous operation on sound 0000000025C7D7A8
[LOG] SystemI::createSoundInternal             :     filename = D:\git\Robot-Sapiens\ProjetSon\musique\fmodProjMusique\Build\Desktop/Master Bank.bank : mode 0a010202
[WRN] SoundSourceInstrumentInstance::startChannelIfReady :     Loading delay exceeded, sound may play at incorrect time
[LOG] SystemI::createSoundInternal             :     exinfo->cbsize             = 216
[LOG] SystemI::createSoundInternal             :     exinfo->length             = 6415072
[LOG] SystemI::createSoundInternal             :     exinfo->fileoffset         = 11328
[LOG] SystemI::createSoundInternal             :     exinfo->numsubsounds       = 1
[LOG] SystemI::createSoundInternal             :     exinfo->inclusionlist      = 0000000025C7DA58
[LOG] SystemI::createSoundInternal             :     exinfo->inclusionlistnum   = 1
[LOG] SystemI::createSoundInternal             :     exinfo->suggestedsoundtype = 5
[LOG] SystemI::createSoundInternal             :     exinfo->initialseekpostype = 1
[LOG] SystemI::createSoundInternal             :     Format has 1 subsounds.
[LOG] SystemI::createSoundInternal             :     Create as FMOD_CREATESAMPLE
[LOG] SystemI::createSoundInternal             :     Multi-sample sound (1 subsounds), create a sample container.
[LOG] SystemI::createSoundInternal             :     creating subsound 0/1
[LOG] SystemI::createSample                    :     mode 0a010202 length 9792226 samples, lengthbytes 2100416
[LOG] SystemI::createSample                    :     channels = 2
[LOG] SystemI::createSample                    :     output = 000000001E86D418
[LOG] OutputSoftware::createSample             :     lengthpcm 9792226, lengthbytes 2100416, channels 2, format 2, freq 48000, mode 0a01020a
[LOG] SystemI::createSoundInternal             :     done.  OpenState now = FMOD_OPENSTATE_READY.

[LOG] AsyncThread::threadFunc                  : Finished Asynchronous operation on sound 0000000025C7D7A8
[WRN] SoundSourceInstrumentInstance::startChannelIfReady : Loading delay exceeded, sound may play at incorrect time
[WRN] ChannelI::forceVirtual                   : Ignoring force virtual since channel just went real
[WRN] ChannelI::forceVirtual                   : Ignoring force virtual since channel just went real
[WRN] ChannelI::forceVirtual                   : Ignoring force virtual since channel just went real
[WRN] ChannelI::forceVirtual                   : Ignoring force virtual since channel just went real
[WRN] ChannelI::forceVirtual                   : Ignoring force virtual since channel just went real
[WRN] ChannelI::forceVirtual                   : Ignoring force virtual since channel just went real
[WRN] ChannelI::forceVirtual                   : Ignoring force virtual since channel just went real
[WRN] ChannelI::forceVirtual                   : Ignoring force virtual since channel just went real
[WRN] ChannelI::forceVirtual                   : Ignoring force virtual since channel just went real
[WRN] ChannelI::forceVirtual                   : Ignoring force virtual since channel just went real
[WRN] ChannelI::forceVirtual                   : Ignoring force virtual since channel just went real
[WRN] ChannelI::forceVirtual                   : Ignoring force virtual since channel just went real
[LOG] SoundI::release                          : (null) (0000000025C7C628)
[LOG] SoundI::release                          : release subsounds. (0000000025C7C628)
[LOG] SoundI::release                          :     (null) (000000002DA76888)
[LOG] SoundI::release                          : release codec. (0000000025C7C628)
[LOG] SoundI::release                          : (null) (0000000025C7CB38)
[LOG] SoundI::release                          : release subsounds. (0000000025C7CB38)
[LOG] SoundI::release                          :     (null) (000000002DAFC088)
[LOG] SoundI::release                          : release codec. (0000000025C7CB38)
[LOG] SoundI::release                          : (null) (000000002DA6DBE8)
[LOG] SoundI::release                          : release subsounds. (000000002DA6DBE8)
[LOG] SoundI::release                          :     (null) (000000002DAFC458)
[LOG] SoundI::release                          : release codec. (000000002DA6DBE8)
[LOG] SoundI::release                          : (null) (000000002DA765B8)
[LOG] SoundI::release                          : release subsounds. (000000002DA765B8)
[LOG] SoundI::release                          :     (null) (000000002DB5F848)
[LOG] SoundI::release                          : release codec. (000000002DA765B8)
[LOG] SoundI::release                          : (null) (0000000025C7D4D8)
[LOG] SoundI::release                          : release subsounds. (0000000025C7D4D8)
[LOG] SoundI::release                          :     (null) (000000002DF74E28)
[LOG] SoundI::release                          : release codec. (0000000025C7D4D8)
[LOG] SoundI::release                          : (null) (0000000025C7D7A8)
[LOG] SoundI::release                          : release subsounds. (0000000025C7D7A8)
[LOG] SoundI::release                          :     (null) (000000002DB5FA08)
[LOG] SoundI::release                          : release codec. (0000000025C7D7A8)
[LOG] Thread::callback                         : * FMOD Studio update thread finished
[LOG] Thread::close                            : FMOD Studio update thread thread destroyed
[LOG] Thread::callback                         : * FMOD Studio load thread finished
[LOG] Thread::close                            : FMOD Studio load thread thread destroyed
[LOG] Profile::disconnectAll                   : Profiler disconnecting all clients
[LOG] LiveUpdate::release                      : 
[LOG] SystemI::close                           : 
[LOG] SystemI::close                           : Stop all sounds
[LOG] Thread::callback                         : * FMOD stream thread finished
[LOG] Thread::close                            : FMOD stream thread thread destroyed
[LOG] SystemI::close                           : Stream thread destroyed
[LOG] SystemI::close                           : Shut down output.
[LOG] Thread::callback                         : * FMOD (WASAPI) feeder thread finished
[LOG] Thread::close                            : FMOD (WASAPI) feeder thread thread destroyed
[LOG] Thread::callback                         : * FMOD mixer thread finished
[LOG] Thread::close                            : FMOD mixer thread thread destroyed
[LOG] SystemI::close                           : Free master channel group.
[LOG] SystemI::close                           : Remove 'master' sound group.
[LOG] SystemI::close                           : Free software output.
[LOG] SystemI::close                           : Free emulated output.
[LOG] SystemI::close                           : Free channel pool.
[LOG] SystemI::close                           : Remove miscllaneous DSP stuff.
[LOG] Global::decRef                           : Shut down streamer and FMOD_NONBLOCKING and FileSystem thread.
[LOG] Thread::callback                         : * FMOD nonblocking thread (0) finished
[LOG] Thread::close                            : FMOD nonblocking thread (0) thread destroyed
[LOG] Global::decRef                           : Shut down file system.
[LOG] SystemI::close                           : done.

